<?xml version="1.0" encoding="UTF-8"?>
<!-- Generated by org.testng.reporters.JUnitReportReporter -->
<testsuite ignored="0" hostname="DESKTOP-8HJ3DPD" failures="0" tests="1" name="TestCases.Test001" time="19.468" errors="0" timestamp="22 Jan 2021 16:50:35 GMT" skipped="0">
  <testcase classname="TestCases.Test001" name="TestBook" time="19.468"/>
</testsuite> <!-- TestCases.Test001 -->
