<?xml version="1.0" encoding="UTF-8"?>
<!-- Generated by org.testng.reporters.JUnitReportReporter -->
<testsuite ignored="0" hostname="DESKTOP-8HJ3DPD" failures="0" tests="1" name="TestCases.Test002" time="51.219" errors="0" timestamp="23 Jan 2021 05:12:07 GMT" skipped="0">
  <testcase classname="TestCases.Test002" name="Testproduct" time="51.219"/>
</testsuite> <!-- TestCases.Test002 -->
